<?xml version="1.0" encoding="UTF-8"?>
<testsuite name="it.unimi.di.sweng.lab04.PokerHandTest" tests="4" skipped="0" failures="0" errors="0" timestamp="2022-10-28T15:52:14" hostname="simoxbadpc" time="0.158">
  <properties/>
  <testcase name="pokerTest()" classname="it.unimi.di.sweng.lab04.PokerHandTest" time="0.123"/>
  <testcase name="flushTest()" classname="it.unimi.di.sweng.lab04.PokerHandTest" time="0.003"/>
  <testcase name="noInputOrEmptyInputTest()" classname="it.unimi.di.sweng.lab04.PokerHandTest" time="0.016"/>
  <testcase name="straightFlushTest()" classname="it.unimi.di.sweng.lab04.PokerHandTest" time="0.007"/>
  <system-out><![CDATA[]]></system-out>
  <system-err><![CDATA[]]></system-err>
</testsuite>
